<?xml version="1.0" encoding="UTF-8"?>
<!-- Generated by org.testng.reporters.JUnitXMLReporter -->
<testsuite ignored="0" hostname="ANVITACOMP" failures="0" tests="7" name="Accounts Page Test" time="83.593" errors="0" timestamp="2024-07-16T17:01:25 IST">
  <testcase classname="com.qa.opencart.tests.AccountsPageTest" name="accPageHeadersTest" time="2.214"/>
  <testcase classname="com.qa.opencart.tests.AccountsPageTest" name="accPageTitleTest" time="0.213"/>
  <testcase classname="com.qa.opencart.tests.AccountsPageTest" name="accPageURLTest" time="0.181"/>
  <testcase classname="com.qa.opencart.tests.AccountsPageTest" name="searchTest" time="2.103"/>
  <testcase classname="com.qa.opencart.tests.AccountsPageTest" name="searchTest" time="1.917"/>
  <testcase classname="com.qa.opencart.tests.AccountsPageTest" name="searchTest" time="2.649"/>
  <testcase classname="com.qa.opencart.tests.AccountsPageTest" name="searchTest" time="11.319"/>
</testsuite> <!-- Accounts Page Test -->
