<?xml version="1.0" encoding="UTF-8"?>
<!-- Generated by org.testng.reporters.JUnitXMLReporter -->
<testsuite ignored="0" hostname="ANVITACOMP" failures="0" tests="4" name="Login Page Test" time="7.524" errors="0" timestamp="2024-07-07T14:33:25 IST">
  <testcase classname="com.qa.opencart.tests.LoginPageTest" name="loginPageTitleTest" time="0.208"/>
  <testcase classname="com.qa.opencart.tests.LoginPageTest" name="loginPageURLTest" time="0.049"/>
  <testcase classname="com.qa.opencart.tests.LoginPageTest" name="forgotPwdLinkExistTest" time="0.109"/>
  <testcase classname="com.qa.opencart.tests.LoginPageTest" name="loginTest" time="1.257"/>
</testsuite> <!-- Login Page Test -->
