<?xml version="1.0" encoding="UTF-8"?>
<!-- Generated by org.testng.reporters.JUnitXMLReporter -->
<testsuite ignored="0" hostname="ANVITACOMP" failures="0" tests="4" name="Login Page Test" time="6.795" errors="0" timestamp="2024-07-07T15:33:18 IST">
  <testcase classname="com.qa.opencart.tests.LoginPageTest" name="loginPageTitleTest" time="0.143"/>
  <testcase classname="com.qa.opencart.tests.LoginPageTest" name="loginPageURLTest" time="0.033"/>
  <testcase classname="com.qa.opencart.tests.LoginPageTest" name="forgotPwdLinkExistTest" time="0.088"/>
  <testcase classname="com.qa.opencart.tests.LoginPageTest" name="loginTest" time="1.08"/>
</testsuite> <!-- Login Page Test -->
