<?xml version="1.0" encoding="UTF-8"?>
<!-- Generated by org.testng.reporters.JUnitXMLReporter -->
<testsuite ignored="0" hostname="ANVITACOMP" failures="1" tests="6" name="ShoppingCartInfo Page Test" time="8.5" errors="0" timestamp="2024-07-05T18:22:19 IST">
  <testcase classname="com.qa.opencart.tests.ShoppingCartInfoPageTest" name="ItemsAddedSuccessfully" time="1.01"/>
  <testcase classname="com.qa.opencart.tests.ShoppingCartInfoPageTest" name="ItemsAddedSuccessfully" time="1.159"/>
  <testcase classname="com.qa.opencart.tests.ShoppingCartInfoPageTest" name="ItemsAddedSuccessfully" time="0.877"/>
  <testcase classname="com.qa.opencart.tests.ShoppingCartInfoPageTest" name="clickOnCartTest" time="0.373"/>
  <testcase classname="com.qa.opencart.tests.ShoppingCartInfoPageTest" name="editShoppingCartTest" time="0.822"/>
  <testcase classname="com.qa.opencart.tests.ShoppingCartInfoPageTest" name="deleteShoppingCartTest" time="0.1">
    <failure type="java.lang.AssertionError" message="=====PRODUCT SEARCH RESULTS MISMATCHED===== expected [2] but found [3]">
      <![CDATA[java.lang.AssertionError: =====PRODUCT SEARCH RESULTS MISMATCHED===== expected [2] but found [3]
at org.testng.Assert.fail(Assert.java:111)
at org.testng.Assert.failNotEquals(Assert.java:1578)
at org.testng.Assert.assertEqualsImpl(Assert.java:150)
at org.testng.Assert.assertEquals(Assert.java:132)
at org.testng.Assert.assertEquals(Assert.java:1419)
at org.testng.Assert.assertEquals(Assert.java:1383)
at com.qa.opencart.tests.ShoppingCartInfoPageTest.deleteShoppingCartTest(ShoppingCartInfoPageTest.java:60)
at java.base/jdk.internal.reflect.NativeMethodAccessorImpl.invoke0(Native Method)
at java.base/jdk.internal.reflect.NativeMethodAccessorImpl.invoke(NativeMethodAccessorImpl.java:77)
at java.base/jdk.internal.reflect.DelegatingMethodAccessorImpl.invoke(DelegatingMethodAccessorImpl.java:43)
at java.base/java.lang.reflect.Method.invoke(Method.java:568)
at org.testng.internal.invokers.MethodInvocationHelper.invokeMethod(MethodInvocationHelper.java:141)
at org.testng.internal.invokers.TestInvoker.invokeMethod(TestInvoker.java:686)
at org.testng.internal.invokers.TestInvoker.invokeTestMethod(TestInvoker.java:230)
at org.testng.internal.invokers.MethodRunner.runInSequence(MethodRunner.java:63)
at org.testng.internal.invokers.TestInvoker$MethodInvocationAgent.invoke(TestInvoker.java:992)
at org.testng.internal.invokers.TestInvoker.invokeTestMethods(TestInvoker.java:203)
at org.testng.internal.invokers.TestMethodWorker.invokeTestMethods(TestMethodWorker.java:154)
at org.testng.internal.invokers.TestMethodWorker.run(TestMethodWorker.java:134)
at java.base/java.util.ArrayList.forEach(ArrayList.java:1511)
at org.testng.TestRunner.privateRun(TestRunner.java:739)
at org.testng.TestRunner.run(TestRunner.java:614)
at org.testng.SuiteRunner.runTest(SuiteRunner.java:421)
at org.testng.SuiteRunner$SuiteWorker.run(SuiteRunner.java:463)
at org.testng.internal.thread.ThreadUtil.lambda$execute$0(ThreadUtil.java:64)
at java.base/java.util.concurrent.FutureTask.run(FutureTask.java:264)
at java.base/java.util.concurrent.ThreadPoolExecutor.runWorker(ThreadPoolExecutor.java:1136)
at java.base/java.util.concurrent.ThreadPoolExecutor$Worker.run(ThreadPoolExecutor.java:635)
at java.base/java.lang.Thread.run(Thread.java:840)
]]>
    </failure>
  </testcase> <!-- deleteShoppingCartTest -->
</testsuite> <!-- ShoppingCartInfo Page Test -->
