<?xml version="1.0" encoding="UTF-8"?>
<testng-results ignored="0" total="10" passed="9" failed="1" skipped="0">
  <reporter-output>
  </reporter-output>
  <suite started-at="2024-07-05T18:22:11 IST" name="TestNG Regression Suite" finished-at="2024-07-05T18:22:19 IST" duration-ms="8500">
    <groups>
    </groups>
    <test started-at="2024-07-05T18:22:11 IST" name="Login Page Test" finished-at="2024-07-05T18:22:15 IST" duration-ms="4467">
      <class name="com.qa.opencart.tests.LoginPageTest">
        <test-method is-config="true" signature="setUp()[pri:0, instance:com.qa.opencart.tests.LoginPageTest@18460128]" started-at="2024-07-05T18:22:11 IST" name="setUp" finished-at="2024-07-05T18:22:14 IST" duration-ms="3441" status="PASS">
          <reporter-output>
          </reporter-output>
        </test-method> <!-- setUp -->
        <test-method signature="loginPageTitleTest()[pri:1, instance:com.qa.opencart.tests.LoginPageTest@18460128]" started-at="2024-07-05T18:22:14 IST" name="loginPageTitleTest" finished-at="2024-07-05T18:22:14 IST" duration-ms="90" status="PASS">
          <reporter-output>
          </reporter-output>
        </test-method> <!-- loginPageTitleTest -->
        <test-method signature="loginPageURLTest()[pri:2, instance:com.qa.opencart.tests.LoginPageTest@18460128]" started-at="2024-07-05T18:22:15 IST" name="loginPageURLTest" finished-at="2024-07-05T18:22:15 IST" duration-ms="19" status="PASS">
          <reporter-output>
          </reporter-output>
        </test-method> <!-- loginPageURLTest -->
        <test-method signature="forgotPwdLinkExistTest()[pri:3, instance:com.qa.opencart.tests.LoginPageTest@18460128]" started-at="2024-07-05T18:22:15 IST" name="forgotPwdLinkExistTest" finished-at="2024-07-05T18:22:15 IST" duration-ms="57" status="PASS">
          <reporter-output>
          </reporter-output>
        </test-method> <!-- forgotPwdLinkExistTest -->
        <test-method signature="loginTest()[pri:4, instance:com.qa.opencart.tests.LoginPageTest@18460128]" started-at="2024-07-05T18:22:15 IST" name="loginTest" finished-at="2024-07-05T18:22:15 IST" duration-ms="621" status="PASS">
          <reporter-output>
          </reporter-output>
        </test-method> <!-- loginTest -->
      </class> <!-- com.qa.opencart.tests.LoginPageTest -->
    </test> <!-- Login Page Test -->
    <test started-at="2024-07-05T18:22:11 IST" name="ShoppingCartInfo Page Test" finished-at="2024-07-05T18:22:19 IST" duration-ms="8500">
      <class name="com.qa.opencart.tests.ShoppingCartInfoPageTest">
        <test-method is-config="true" signature="setUp()[pri:0, instance:com.qa.opencart.tests.ShoppingCartInfoPageTest@2e179f3e]" started-at="2024-07-05T18:22:11 IST" name="setUp" finished-at="2024-07-05T18:22:14 IST" duration-ms="3437" status="PASS">
          <reporter-output>
          </reporter-output>
        </test-method> <!-- setUp -->
        <test-method is-config="true" signature="ShoppingCartInfoPageSetup()[pri:0, instance:com.qa.opencart.tests.ShoppingCartInfoPageTest@2e179f3e]" started-at="2024-07-05T18:22:14 IST" name="ShoppingCartInfoPageSetup" finished-at="2024-07-05T18:22:15 IST" duration-ms="628" status="PASS">
          <reporter-output>
          </reporter-output>
        </test-method> <!-- ShoppingCartInfoPageSetup -->
        <test-method signature="ItemsAddedSuccessfully(java.lang.String,java.lang.String)[pri:1, instance:com.qa.opencart.tests.ShoppingCartInfoPageTest@2e179f3e]" started-at="2024-07-05T18:22:15 IST" name="ItemsAddedSuccessfully" data-provider="getProductData" finished-at="2024-07-05T18:22:16 IST" duration-ms="1010" status="PASS">
          <params>
            <param index="0">
              <value>
                <![CDATA[macbook]]>
              </value>
            </param>
            <param index="1">
              <value>
                <![CDATA[MacBook]]>
              </value>
            </param>
          </params>
          <reporter-output>
          </reporter-output>
        </test-method> <!-- ItemsAddedSuccessfully -->
        <test-method signature="ItemsAddedSuccessfully(java.lang.String,java.lang.String)[pri:1, instance:com.qa.opencart.tests.ShoppingCartInfoPageTest@2e179f3e]" started-at="2024-07-05T18:22:16 IST" name="ItemsAddedSuccessfully" data-provider="getProductData" finished-at="2024-07-05T18:22:17 IST" duration-ms="1159" status="PASS">
          <params>
            <param index="0">
              <value>
                <![CDATA[macbook]]>
              </value>
            </param>
            <param index="1">
              <value>
                <![CDATA[MacBook Air]]>
              </value>
            </param>
          </params>
          <reporter-output>
          </reporter-output>
        </test-method> <!-- ItemsAddedSuccessfully -->
        <test-method signature="ItemsAddedSuccessfully(java.lang.String,java.lang.String)[pri:1, instance:com.qa.opencart.tests.ShoppingCartInfoPageTest@2e179f3e]" started-at="2024-07-05T18:22:17 IST" name="ItemsAddedSuccessfully" data-provider="getProductData" finished-at="2024-07-05T18:22:18 IST" duration-ms="877" status="PASS">
          <params>
            <param index="0">
              <value>
                <![CDATA[iphone]]>
              </value>
            </param>
            <param index="1">
              <value>
                <![CDATA[iPhone]]>
              </value>
            </param>
          </params>
          <reporter-output>
          </reporter-output>
        </test-method> <!-- ItemsAddedSuccessfully -->
        <test-method signature="clickOnCartTest()[pri:2, instance:com.qa.opencart.tests.ShoppingCartInfoPageTest@2e179f3e]" started-at="2024-07-05T18:22:18 IST" name="clickOnCartTest" finished-at="2024-07-05T18:22:18 IST" duration-ms="373" status="PASS">
          <reporter-output>
          </reporter-output>
        </test-method> <!-- clickOnCartTest -->
        <test-method signature="editShoppingCartTest()[pri:3, instance:com.qa.opencart.tests.ShoppingCartInfoPageTest@2e179f3e]" started-at="2024-07-05T18:22:18 IST" name="editShoppingCartTest" finished-at="2024-07-05T18:22:19 IST" duration-ms="822" status="PASS">
          <reporter-output>
          </reporter-output>
        </test-method> <!-- editShoppingCartTest -->
        <test-method signature="deleteShoppingCartTest()[pri:4, instance:com.qa.opencart.tests.ShoppingCartInfoPageTest@2e179f3e]" started-at="2024-07-05T18:22:19 IST" name="deleteShoppingCartTest" finished-at="2024-07-05T18:22:19 IST" duration-ms="100" status="FAIL">
          <exception class="java.lang.AssertionError">
            <message>
              <![CDATA[=====PRODUCT SEARCH RESULTS MISMATCHED===== expected [2] but found [3]]]>
            </message>
            <full-stacktrace>
              <![CDATA[java.lang.AssertionError: =====PRODUCT SEARCH RESULTS MISMATCHED===== expected [2] but found [3]
at org.testng.Assert.fail(Assert.java:111)
at org.testng.Assert.failNotEquals(Assert.java:1578)
at org.testng.Assert.assertEqualsImpl(Assert.java:150)
at org.testng.Assert.assertEquals(Assert.java:132)
at org.testng.Assert.assertEquals(Assert.java:1419)
at org.testng.Assert.assertEquals(Assert.java:1383)
at com.qa.opencart.tests.ShoppingCartInfoPageTest.deleteShoppingCartTest(ShoppingCartInfoPageTest.java:60)
at java.base/jdk.internal.reflect.NativeMethodAccessorImpl.invoke0(Native Method)
at java.base/jdk.internal.reflect.NativeMethodAccessorImpl.invoke(NativeMethodAccessorImpl.java:77)
at java.base/jdk.internal.reflect.DelegatingMethodAccessorImpl.invoke(DelegatingMethodAccessorImpl.java:43)
at java.base/java.lang.reflect.Method.invoke(Method.java:568)
at org.testng.internal.invokers.MethodInvocationHelper.invokeMethod(MethodInvocationHelper.java:141)
at org.testng.internal.invokers.TestInvoker.invokeMethod(TestInvoker.java:686)
at org.testng.internal.invokers.TestInvoker.invokeTestMethod(TestInvoker.java:230)
at org.testng.internal.invokers.MethodRunner.runInSequence(MethodRunner.java:63)
at org.testng.internal.invokers.TestInvoker$MethodInvocationAgent.invoke(TestInvoker.java:992)
at org.testng.internal.invokers.TestInvoker.invokeTestMethods(TestInvoker.java:203)
at org.testng.internal.invokers.TestMethodWorker.invokeTestMethods(TestMethodWorker.java:154)
at org.testng.internal.invokers.TestMethodWorker.run(TestMethodWorker.java:134)
at java.base/java.util.ArrayList.forEach(ArrayList.java:1511)
at org.testng.TestRunner.privateRun(TestRunner.java:739)
at org.testng.TestRunner.run(TestRunner.java:614)
at org.testng.SuiteRunner.runTest(SuiteRunner.java:421)
at org.testng.SuiteRunner$SuiteWorker.run(SuiteRunner.java:463)
at org.testng.internal.thread.ThreadUtil.lambda$execute$0(ThreadUtil.java:64)
at java.base/java.util.concurrent.FutureTask.run(FutureTask.java:264)
at java.base/java.util.concurrent.ThreadPoolExecutor.runWorker(ThreadPoolExecutor.java:1136)
at java.base/java.util.concurrent.ThreadPoolExecutor$Worker.run(ThreadPoolExecutor.java:635)
at java.base/java.lang.Thread.run(Thread.java:840)
]]>
            </full-stacktrace>
          </exception> <!-- java.lang.AssertionError -->
          <reporter-output>
          </reporter-output>
        </test-method> <!-- deleteShoppingCartTest -->
      </class> <!-- com.qa.opencart.tests.ShoppingCartInfoPageTest -->
    </test> <!-- ShoppingCartInfo Page Test -->
  </suite> <!-- TestNG Regression Suite -->
</testng-results>
