<?xml version="1.0" encoding="UTF-8"?>
<testng-results ignored="0" total="24" passed="24" failed="0" skipped="0">
  <reporter-output>
  </reporter-output>
  <suite started-at="2024-07-07T14:33:17 IST" name="TestNG Regression Suite" finished-at="2024-07-07T14:33:42 IST" duration-ms="25075">
    <groups>
    </groups>
    <test started-at="2024-07-07T14:33:17 IST" name="Login Page Test" finished-at="2024-07-07T14:33:25 IST" duration-ms="7524">
      <class name="com.qa.opencart.tests.LoginPageTest">
        <test-method is-config="true" signature="setUp()[pri:0, instance:com.qa.opencart.tests.LoginPageTest@2b037cfc]" started-at="2024-07-07T14:33:17 IST" name="setUp" finished-at="2024-07-07T14:33:23 IST" duration-ms="5412" status="PASS">
          <reporter-output>
          </reporter-output>
        </test-method> <!-- setUp -->
        <test-method signature="loginPageTitleTest()[pri:1, instance:com.qa.opencart.tests.LoginPageTest@2b037cfc]" started-at="2024-07-07T14:33:23 IST" name="loginPageTitleTest" finished-at="2024-07-07T14:33:23 IST" duration-ms="208" status="PASS">
          <reporter-output>
          </reporter-output>
        </test-method> <!-- loginPageTitleTest -->
        <test-method signature="loginPageURLTest()[pri:2, instance:com.qa.opencart.tests.LoginPageTest@2b037cfc]" started-at="2024-07-07T14:33:23 IST" name="loginPageURLTest" finished-at="2024-07-07T14:33:23 IST" duration-ms="49" status="PASS">
          <reporter-output>
          </reporter-output>
        </test-method> <!-- loginPageURLTest -->
        <test-method signature="forgotPwdLinkExistTest()[pri:3, instance:com.qa.opencart.tests.LoginPageTest@2b037cfc]" started-at="2024-07-07T14:33:23 IST" name="forgotPwdLinkExistTest" finished-at="2024-07-07T14:33:24 IST" duration-ms="109" status="PASS">
          <reporter-output>
          </reporter-output>
        </test-method> <!-- forgotPwdLinkExistTest -->
        <test-method signature="loginTest()[pri:4, instance:com.qa.opencart.tests.LoginPageTest@2b037cfc]" started-at="2024-07-07T14:33:24 IST" name="loginTest" finished-at="2024-07-07T14:33:25 IST" duration-ms="1257" status="PASS">
          <reporter-output>
          </reporter-output>
        </test-method> <!-- loginTest -->
      </class> <!-- com.qa.opencart.tests.LoginPageTest -->
    </test> <!-- Login Page Test -->
    <test started-at="2024-07-07T14:33:17 IST" name="Accounts Page Test" finished-at="2024-07-07T14:33:42 IST" duration-ms="24409">
      <class name="com.qa.opencart.tests.AccountsPageTest">
        <test-method is-config="true" signature="setUp()[pri:0, instance:com.qa.opencart.tests.AccountsPageTest@c6c82aa]" started-at="2024-07-07T14:33:17 IST" name="setUp" finished-at="2024-07-07T14:33:23 IST" duration-ms="5478" status="PASS">
          <reporter-output>
          </reporter-output>
        </test-method> <!-- setUp -->
        <test-method is-config="true" signature="accSetUp()[pri:0, instance:com.qa.opencart.tests.AccountsPageTest@c6c82aa]" started-at="2024-07-07T14:33:23 IST" name="accSetUp" finished-at="2024-07-07T14:33:24 IST" duration-ms="1237" status="PASS">
          <reporter-output>
          </reporter-output>
        </test-method> <!-- accSetUp -->
        <test-method signature="accPageHeadersTest()[pri:0, instance:com.qa.opencart.tests.AccountsPageTest@c6c82aa]" started-at="2024-07-07T14:33:24 IST" name="accPageHeadersTest" finished-at="2024-07-07T14:33:24 IST" duration-ms="217" status="PASS">
          <reporter-output>
          </reporter-output>
        </test-method> <!-- accPageHeadersTest -->
        <test-method signature="accPageTitleTest()[pri:0, instance:com.qa.opencart.tests.AccountsPageTest@c6c82aa]" started-at="2024-07-07T14:33:24 IST" name="accPageTitleTest" finished-at="2024-07-07T14:33:24 IST" duration-ms="54" status="PASS">
          <reporter-output>
          </reporter-output>
        </test-method> <!-- accPageTitleTest -->
        <test-method signature="accPageURLTest()[pri:0, instance:com.qa.opencart.tests.AccountsPageTest@c6c82aa]" started-at="2024-07-07T14:33:24 IST" name="accPageURLTest" finished-at="2024-07-07T14:33:24 IST" duration-ms="29" status="PASS">
          <reporter-output>
          </reporter-output>
        </test-method> <!-- accPageURLTest -->
        <test-method signature="searchTest(java.lang.String,java.lang.String)[pri:0, instance:com.qa.opencart.tests.AccountsPageTest@c6c82aa]" started-at="2024-07-07T14:33:27 IST" name="searchTest" data-provider="getSearchDataFromSheet" finished-at="2024-07-07T14:33:28 IST" duration-ms="1466" status="PASS">
          <params>
            <param index="0">
              <value>
                <![CDATA[macbook]]>
              </value>
            </param>
            <param index="1">
              <value>
                <![CDATA[3]]>
              </value>
            </param>
          </params>
          <reporter-output>
          </reporter-output>
        </test-method> <!-- searchTest -->
        <test-method signature="searchTest(java.lang.String,java.lang.String)[pri:0, instance:com.qa.opencart.tests.AccountsPageTest@c6c82aa]" started-at="2024-07-07T14:33:28 IST" name="searchTest" data-provider="getSearchDataFromSheet" finished-at="2024-07-07T14:33:29 IST" duration-ms="1106" status="PASS">
          <params>
            <param index="0">
              <value>
                <![CDATA[imac]]>
              </value>
            </param>
            <param index="1">
              <value>
                <![CDATA[1]]>
              </value>
            </param>
          </params>
          <reporter-output>
          </reporter-output>
        </test-method> <!-- searchTest -->
        <test-method signature="searchTest(java.lang.String,java.lang.String)[pri:0, instance:com.qa.opencart.tests.AccountsPageTest@c6c82aa]" started-at="2024-07-07T14:33:29 IST" name="searchTest" data-provider="getSearchDataFromSheet" finished-at="2024-07-07T14:33:31 IST" duration-ms="1394" status="PASS">
          <params>
            <param index="0">
              <value>
                <![CDATA[samsung]]>
              </value>
            </param>
            <param index="1">
              <value>
                <![CDATA[2]]>
              </value>
            </param>
          </params>
          <reporter-output>
          </reporter-output>
        </test-method> <!-- searchTest -->
        <test-method signature="searchTest(java.lang.String,java.lang.String)[pri:0, instance:com.qa.opencart.tests.AccountsPageTest@c6c82aa]" started-at="2024-07-07T14:33:31 IST" name="searchTest" data-provider="getSearchDataFromSheet" finished-at="2024-07-07T14:33:42 IST" duration-ms="11088" status="PASS">
          <params>
            <param index="0">
              <value>
                <![CDATA[Airtel]]>
              </value>
            </param>
            <param index="1">
              <value>
                <![CDATA[0]]>
              </value>
            </param>
          </params>
          <reporter-output>
          </reporter-output>
        </test-method> <!-- searchTest -->
      </class> <!-- com.qa.opencart.tests.AccountsPageTest -->
    </test> <!-- Accounts Page Test -->
    <test started-at="2024-07-07T14:33:17 IST" name="ProductInfo Page Test" finished-at="2024-07-07T14:33:42 IST" duration-ms="25075">
      <class name="com.qa.opencart.tests.ProductInfoPageTest">
        <test-method is-config="true" signature="setUp()[pri:0, instance:com.qa.opencart.tests.ProductInfoPageTest@2ba5aa7a]" started-at="2024-07-07T14:33:17 IST" name="setUp" finished-at="2024-07-07T14:33:22 IST" duration-ms="4664" status="PASS">
          <reporter-output>
          </reporter-output>
        </test-method> <!-- setUp -->
        <test-method is-config="true" signature="productInfoPageSetup()[pri:0, instance:com.qa.opencart.tests.ProductInfoPageTest@2ba5aa7a]" started-at="2024-07-07T14:33:22 IST" name="productInfoPageSetup" finished-at="2024-07-07T14:33:24 IST" duration-ms="1923" status="PASS">
          <reporter-output>
          </reporter-output>
        </test-method> <!-- productInfoPageSetup -->
        <test-method signature="productHeaderTest(java.lang.String,java.lang.String)[pri:0, instance:com.qa.opencart.tests.ProductInfoPageTest@2ba5aa7a]" started-at="2024-07-07T14:33:24 IST" name="productHeaderTest" data-provider="getProductData" finished-at="2024-07-07T14:33:26 IST" duration-ms="1568" status="PASS">
          <params>
            <param index="0">
              <value>
                <![CDATA[macbook]]>
              </value>
            </param>
            <param index="1">
              <value>
                <![CDATA[MacBook]]>
              </value>
            </param>
          </params>
          <reporter-output>
          </reporter-output>
        </test-method> <!-- productHeaderTest -->
        <test-method signature="productHeaderTest(java.lang.String,java.lang.String)[pri:0, instance:com.qa.opencart.tests.ProductInfoPageTest@2ba5aa7a]" started-at="2024-07-07T14:33:26 IST" name="productHeaderTest" data-provider="getProductData" finished-at="2024-07-07T14:33:27 IST" duration-ms="1220" status="PASS">
          <params>
            <param index="0">
              <value>
                <![CDATA[macbook]]>
              </value>
            </param>
            <param index="1">
              <value>
                <![CDATA[MacBook Air]]>
              </value>
            </param>
          </params>
          <reporter-output>
          </reporter-output>
        </test-method> <!-- productHeaderTest -->
        <test-method signature="productHeaderTest(java.lang.String,java.lang.String)[pri:0, instance:com.qa.opencart.tests.ProductInfoPageTest@2ba5aa7a]" started-at="2024-07-07T14:33:27 IST" name="productHeaderTest" data-provider="getProductData" finished-at="2024-07-07T14:33:29 IST" duration-ms="1772" status="PASS">
          <params>
            <param index="0">
              <value>
                <![CDATA[imac]]>
              </value>
            </param>
            <param index="1">
              <value>
                <![CDATA[iMac]]>
              </value>
            </param>
          </params>
          <reporter-output>
          </reporter-output>
        </test-method> <!-- productHeaderTest -->
        <test-method signature="productHeaderTest(java.lang.String,java.lang.String)[pri:0, instance:com.qa.opencart.tests.ProductInfoPageTest@2ba5aa7a]" started-at="2024-07-07T14:33:29 IST" name="productHeaderTest" data-provider="getProductData" finished-at="2024-07-07T14:33:31 IST" duration-ms="2271" status="PASS">
          <params>
            <param index="0">
              <value>
                <![CDATA[samsung]]>
              </value>
            </param>
            <param index="1">
              <value>
                <![CDATA[Samsung SyncMaster 941BW]]>
              </value>
            </param>
          </params>
          <reporter-output>
          </reporter-output>
        </test-method> <!-- productHeaderTest -->
        <test-method signature="productHeaderTest(java.lang.String,java.lang.String)[pri:0, instance:com.qa.opencart.tests.ProductInfoPageTest@2ba5aa7a]" started-at="2024-07-07T14:33:31 IST" name="productHeaderTest" data-provider="getProductData" finished-at="2024-07-07T14:33:32 IST" duration-ms="1208" status="PASS">
          <params>
            <param index="0">
              <value>
                <![CDATA[samsung]]>
              </value>
            </param>
            <param index="1">
              <value>
                <![CDATA[Samsung Galaxy Tab 10.1]]>
              </value>
            </param>
          </params>
          <reporter-output>
          </reporter-output>
        </test-method> <!-- productHeaderTest -->
        <test-method signature="productHeaderTest(java.lang.String,java.lang.String)[pri:0, instance:com.qa.opencart.tests.ProductInfoPageTest@2ba5aa7a]" started-at="2024-07-07T14:33:32 IST" name="productHeaderTest" data-provider="getProductData" finished-at="2024-07-07T14:33:33 IST" duration-ms="1343" status="PASS">
          <params>
            <param index="0">
              <value>
                <![CDATA[canon]]>
              </value>
            </param>
            <param index="1">
              <value>
                <![CDATA[Canon EOS 5D]]>
              </value>
            </param>
          </params>
          <reporter-output>
          </reporter-output>
        </test-method> <!-- productHeaderTest -->
        <test-method signature="productImageCountTest(java.lang.String,java.lang.String,java.lang.String)[pri:0, instance:com.qa.opencart.tests.ProductInfoPageTest@2ba5aa7a]" started-at="2024-07-07T14:33:34 IST" name="productImageCountTest" data-provider="getProductImageDataFromCSV" finished-at="2024-07-07T14:33:35 IST" duration-ms="1383" status="PASS">
          <params>
            <param index="0">
              <value>
                <![CDATA[macbook]]>
              </value>
            </param>
            <param index="1">
              <value>
                <![CDATA[MacBook]]>
              </value>
            </param>
            <param index="2">
              <value>
                <![CDATA[5]]>
              </value>
            </param>
          </params>
          <reporter-output>
          </reporter-output>
        </test-method> <!-- productImageCountTest -->
        <test-method signature="productImageCountTest(java.lang.String,java.lang.String,java.lang.String)[pri:0, instance:com.qa.opencart.tests.ProductInfoPageTest@2ba5aa7a]" started-at="2024-07-07T14:33:35 IST" name="productImageCountTest" data-provider="getProductImageDataFromCSV" finished-at="2024-07-07T14:33:36 IST" duration-ms="1147" status="PASS">
          <params>
            <param index="0">
              <value>
                <![CDATA[macbook]]>
              </value>
            </param>
            <param index="1">
              <value>
                <![CDATA[MacBook Air]]>
              </value>
            </param>
            <param index="2">
              <value>
                <![CDATA[4]]>
              </value>
            </param>
          </params>
          <reporter-output>
          </reporter-output>
        </test-method> <!-- productImageCountTest -->
        <test-method signature="productImageCountTest(java.lang.String,java.lang.String,java.lang.String)[pri:0, instance:com.qa.opencart.tests.ProductInfoPageTest@2ba5aa7a]" started-at="2024-07-07T14:33:36 IST" name="productImageCountTest" data-provider="getProductImageDataFromCSV" finished-at="2024-07-07T14:33:37 IST" duration-ms="1179" status="PASS">
          <params>
            <param index="0">
              <value>
                <![CDATA[imac]]>
              </value>
            </param>
            <param index="1">
              <value>
                <![CDATA[iMac]]>
              </value>
            </param>
            <param index="2">
              <value>
                <![CDATA[3]]>
              </value>
            </param>
          </params>
          <reporter-output>
          </reporter-output>
        </test-method> <!-- productImageCountTest -->
        <test-method signature="productImageCountTest(java.lang.String,java.lang.String,java.lang.String)[pri:0, instance:com.qa.opencart.tests.ProductInfoPageTest@2ba5aa7a]" started-at="2024-07-07T14:33:37 IST" name="productImageCountTest" data-provider="getProductImageDataFromCSV" finished-at="2024-07-07T14:33:39 IST" duration-ms="1355" status="PASS">
          <params>
            <param index="0">
              <value>
                <![CDATA[samsung]]>
              </value>
            </param>
            <param index="1">
              <value>
                <![CDATA[Samsung SyncMaster 941BW]]>
              </value>
            </param>
            <param index="2">
              <value>
                <![CDATA[1]]>
              </value>
            </param>
          </params>
          <reporter-output>
          </reporter-output>
        </test-method> <!-- productImageCountTest -->
        <test-method signature="productImageCountTest(java.lang.String,java.lang.String,java.lang.String)[pri:0, instance:com.qa.opencart.tests.ProductInfoPageTest@2ba5aa7a]" started-at="2024-07-07T14:33:39 IST" name="productImageCountTest" data-provider="getProductImageDataFromCSV" finished-at="2024-07-07T14:33:40 IST" duration-ms="1089" status="PASS">
          <params>
            <param index="0">
              <value>
                <![CDATA[samsung]]>
              </value>
            </param>
            <param index="1">
              <value>
                <![CDATA[Samsung Galaxy Tab 10.1]]>
              </value>
            </param>
            <param index="2">
              <value>
                <![CDATA[7]]>
              </value>
            </param>
          </params>
          <reporter-output>
          </reporter-output>
        </test-method> <!-- productImageCountTest -->
        <test-method signature="productImageCountTest(java.lang.String,java.lang.String,java.lang.String)[pri:0, instance:com.qa.opencart.tests.ProductInfoPageTest@2ba5aa7a]" started-at="2024-07-07T14:33:40 IST" name="productImageCountTest" data-provider="getProductImageDataFromCSV" finished-at="2024-07-07T14:33:41 IST" duration-ms="1120" status="PASS">
          <params>
            <param index="0">
              <value>
                <![CDATA[canon]]>
              </value>
            </param>
            <param index="1">
              <value>
                <![CDATA[Canon EOS 5D]]>
              </value>
            </param>
            <param index="2">
              <value>
                <![CDATA[3]]>
              </value>
            </param>
          </params>
          <reporter-output>
          </reporter-output>
        </test-method> <!-- productImageCountTest -->
        <test-method signature="productInfoTest()[pri:0, instance:com.qa.opencart.tests.ProductInfoPageTest@2ba5aa7a]" started-at="2024-07-07T14:33:41 IST" name="productInfoTest" finished-at="2024-07-07T14:33:42 IST" duration-ms="1481" status="PASS">
          <reporter-output>
          </reporter-output>
        </test-method> <!-- productInfoTest -->
      </class> <!-- com.qa.opencart.tests.ProductInfoPageTest -->
    </test> <!-- ProductInfo Page Test -->
  </suite> <!-- TestNG Regression Suite -->
</testng-results>
